This file contains any messages produced by compilers while
running configure, to aid debugging if configure makes a mistake.

It was created by incremental configure 0.1, which was
generated by GNU Autoconf 2.69.  Invocation command line was

  $ ./configure 

## --------- ##
## Platform. ##
## --------- ##

hostname = loki-Aspire-V5-123
uname -m = x86_64
uname -r = 3.16.0-pf2
uname -s = Linux
uname -v = #1 SMP Sat Sep 20 21:06:28 EEST 2014

/usr/bin/uname -p = unknown
/bin/uname -X     = unknown

/bin/arch              = unknown
/usr/bin/arch -k       = unknown
/usr/convex/getsysinfo = unknown
/usr/bin/hostinfo      = unknown
/bin/machine           = unknown
/usr/bin/oslevel       = unknown
/bin/universe          = unknown

PATH: /home/loki/.local/bin
PATH: /usr/local/sbin
PATH: /usr/local/bin
PATH: /usr/sbin
PATH: /usr/bin
PATH: /sbin
PATH: /bin
PATH: /usr/games
PATH: /usr/local/games


## ----------- ##
## Core tests. ##
## ----------- ##

configure:1912: checking for a BSD-compatible install
configure:1980: result: /usr/bin/install -c
configure:1991: checking whether build environment is sane
configure:2046: result: yes
configure:2197: checking for a thread-safe mkdir -p
configure:2236: result: /bin/mkdir -p
configure:2243: checking for gawk
configure:2259: found /usr/bin/gawk
configure:2270: result: gawk
configure:2281: checking whether make sets $(MAKE)
configure:2303: result: yes
configure:2332: checking whether make supports nested variables
configure:2349: result: yes
configure:2486: checking whether make supports nested variables
configure:2503: result: yes
configure:2563: checking for gcc
configure:2579: found /usr/bin/gcc
configure:2590: result: gcc
configure:2819: checking for C compiler version
configure:2828: gcc --version >&5
gcc (Ubuntu 4.8.2-19ubuntu1) 4.8.2
Copyright (C) 2013 Free Software Foundation, Inc.
This is free software; see the source for copying conditions.  There is NO
warranty; not even for MERCHANTABILITY or FITNESS FOR A PARTICULAR PURPOSE.

configure:2839: $? = 0
configure:2828: gcc -v >&5
Using built-in specs.
COLLECT_GCC=gcc
COLLECT_LTO_WRAPPER=/usr/lib/gcc/x86_64-linux-gnu/4.8/lto-wrapper
Target: x86_64-linux-gnu
Configured with: ../src/configure -v --with-pkgversion='Ubuntu 4.8.2-19ubuntu1' --with-bugurl=file:///usr/share/doc/gcc-4.8/README.Bugs --enable-languages=c,c++,java,go,d,fortran,objc,obj-c++ --prefix=/usr --program-suffix=-4.8 --enable-shared --enable-linker-build-id --libexecdir=/usr/lib --without-included-gettext --enable-threads=posix --with-gxx-include-dir=/usr/include/c++/4.8 --libdir=/usr/lib --enable-nls --with-sysroot=/ --enable-clocale=gnu --enable-libstdcxx-debug --enable-libstdcxx-time=yes --enable-gnu-unique-object --disable-libmudflap --enable-plugin --with-system-zlib --disable-browser-plugin --enable-java-awt=gtk --enable-gtk-cairo --with-java-home=/usr/lib/jvm/java-1.5.0-gcj-4.8-amd64/jre --enable-java-home --with-jvm-root-dir=/usr/lib/jvm/java-1.5.0-gcj-4.8-amd64 --with-jvm-jar-dir=/usr/lib/jvm-exports/java-1.5.0-gcj-4.8-amd64 --with-arch-directory=amd64 --with-ecj-jar=/usr/share/java/eclipse-ecj.jar --enable-objc-gc --enable-multiarch --disable-werror --with-arch-32=i686 --with-abi=m64 --with-multilib-list=m32,m64,mx32 --with-tune=generic --enable-checking=release --build=x86_64-linux-gnu --host=x86_64-linux-gnu --target=x86_64-linux-gnu
Thread model: posix
gcc version 4.8.2 (Ubuntu 4.8.2-19ubuntu1) 
configure:2839: $? = 0
configure:2828: gcc -V >&5
gcc: error: unrecognized command line option '-V'
gcc: fatal error: no input files
compilation terminated.
configure:2839: $? = 4
configure:2828: gcc -qversion >&5
gcc: error: unrecognized command line option '-qversion'
gcc: fatal error: no input files
compilation terminated.
configure:2839: $? = 4
configure:2859: checking whether the C compiler works
configure:2881: gcc    conftest.c  >&5
configure:2885: $? = 0
configure:2933: result: yes
configure:2936: checking for C compiler default output file name
configure:2938: result: a.out
configure:2944: checking for suffix of executables
configure:2951: gcc -o conftest    conftest.c  >&5
configure:2955: $? = 0
configure:2977: result: 
configure:2999: checking whether we are cross compiling
configure:3007: gcc -o conftest    conftest.c  >&5
configure:3011: $? = 0
configure:3018: ./conftest
configure:3022: $? = 0
configure:3037: result: no
configure:3042: checking for suffix of object files
configure:3064: gcc -c   conftest.c >&5
configure:3068: $? = 0
configure:3089: result: o
configure:3093: checking whether we are using the GNU C compiler
configure:3112: gcc -c   conftest.c >&5
configure:3112: $? = 0
configure:3121: result: yes
configure:3130: checking whether gcc accepts -g
configure:3150: gcc -c -g  conftest.c >&5
configure:3150: $? = 0
configure:3191: result: yes
configure:3208: checking for gcc option to accept ISO C89
configure:3271: gcc  -c -g -O2  conftest.c >&5
configure:3271: $? = 0
configure:3284: result: none needed
configure:3309: checking whether gcc understands -c and -o together
configure:3331: gcc -c conftest.c -o conftest2.o
configure:3334: $? = 0
configure:3331: gcc -c conftest.c -o conftest2.o
configure:3334: $? = 0
configure:3346: result: yes
configure:3374: checking for style of include used by make
configure:3402: result: GNU
configure:3428: checking dependency style of gcc
configure:3539: result: gcc3
configure:3561: checking for valac
configure:3579: found /usr/bin/valac
configure:3592: result: /usr/bin/valac
configure:3601: checking whether /usr/bin/valac is at least version 0.10.0
configure:3609: result: yes
configure:3686: checking for pkg-config
configure:3704: found /usr/bin/pkg-config
configure:3716: result: /usr/bin/pkg-config
configure:3741: checking pkg-config is at least version 0.9.0
configure:3744: result: yes
configure:3754: checking for INCREMENTAL
configure:3761: $PKG_CONFIG --exists --print-errors "gtk+-3.0 "
configure:3764: $? = 0
configure:3778: $PKG_CONFIG --exists --print-errors "gtk+-3.0 "
configure:3781: $? = 0
configure:3839: result: yes
configure:3956: checking that generated files are newer than configure
configure:3962: result: done
configure:3985: creating ./config.status

## ---------------------- ##
## Running config.status. ##
## ---------------------- ##

This file was extended by incremental config.status 0.1, which was
generated by GNU Autoconf 2.69.  Invocation command line was

  CONFIG_FILES    = 
  CONFIG_HEADERS  = 
  CONFIG_LINKS    = 
  CONFIG_COMMANDS = 
  $ ./config.status 

on loki-Aspire-V5-123

config.status:848: creating Makefile
config.status:848: creating src/Makefile
config.status:848: creating config.h
config.status:1029: config.h is unchanged
config.status:1077: executing depfiles commands

## ---------------- ##
## Cache variables. ##
## ---------------- ##

ac_cv_c_compiler_gnu=yes
ac_cv_env_CC_set=
ac_cv_env_CC_value=
ac_cv_env_CFLAGS_set=
ac_cv_env_CFLAGS_value=
ac_cv_env_CPPFLAGS_set=
ac_cv_env_CPPFLAGS_value=
ac_cv_env_INCREMENTAL_CFLAGS_set=
ac_cv_env_INCREMENTAL_CFLAGS_value=
ac_cv_env_INCREMENTAL_LIBS_set=
ac_cv_env_INCREMENTAL_LIBS_value=
ac_cv_env_LDFLAGS_set=
ac_cv_env_LDFLAGS_value=
ac_cv_env_LIBS_set=
ac_cv_env_LIBS_value=
ac_cv_env_PKG_CONFIG_LIBDIR_set=
ac_cv_env_PKG_CONFIG_LIBDIR_value=
ac_cv_env_PKG_CONFIG_PATH_set=
ac_cv_env_PKG_CONFIG_PATH_value=
ac_cv_env_PKG_CONFIG_set=
ac_cv_env_PKG_CONFIG_value=
ac_cv_env_build_alias_set=
ac_cv_env_build_alias_value=
ac_cv_env_host_alias_set=
ac_cv_env_host_alias_value=
ac_cv_env_target_alias_set=
ac_cv_env_target_alias_value=
ac_cv_objext=o
ac_cv_path_VALAC=/usr/bin/valac
ac_cv_path_ac_pt_PKG_CONFIG=/usr/bin/pkg-config
ac_cv_path_install='/usr/bin/install -c'
ac_cv_path_mkdir=/bin/mkdir
ac_cv_prog_AWK=gawk
ac_cv_prog_ac_ct_CC=gcc
ac_cv_prog_cc_c89=
ac_cv_prog_cc_g=yes
ac_cv_prog_make_make_set=yes
am_cv_CC_dependencies_compiler_type=gcc3
am_cv_make_support_nested_variables=yes
am_cv_prog_cc_c_o=yes
pkg_cv_INCREMENTAL_CFLAGS='-pthread -I/usr/include/gtk-3.0 -I/usr/include/atk-1.0 -I/usr/include/at-spi2-atk/2.0 -I/usr/include/pango-1.0 -I/usr/include/gio-unix-2.0/ -I/usr/include/cairo -I/usr/include/gdk-pixbuf-2.0 -I/usr/include/glib-2.0 -I/usr/lib/x86_64-linux-gnu/glib-2.0/include -I/usr/include/harfbuzz -I/usr/include/freetype2 -I/usr/include/pixman-1 -I/usr/include/libpng12  '
pkg_cv_INCREMENTAL_LIBS='-lgtk-3 -lgdk-3 -latk-1.0 -lgio-2.0 -lpangocairo-1.0 -lgdk_pixbuf-2.0 -lcairo-gobject -lpango-1.0 -lcairo -lgobject-2.0 -lglib-2.0  '

## ----------------- ##
## Output variables. ##
## ----------------- ##

ACLOCAL='${SHELL} /home/loki/Projects/Incremental/missing aclocal-1.14'
AMDEPBACKSLASH='\'
AMDEP_FALSE='#'
AMDEP_TRUE=''
AMTAR='$${TAR-tar}'
AM_BACKSLASH='\'
AM_DEFAULT_V='$(AM_DEFAULT_VERBOSITY)'
AM_DEFAULT_VERBOSITY='0'
AM_V='$(V)'
AUTOCONF='${SHELL} /home/loki/Projects/Incremental/missing autoconf'
AUTOHEADER='${SHELL} /home/loki/Projects/Incremental/missing autoheader'
AUTOMAKE='${SHELL} /home/loki/Projects/Incremental/missing automake-1.14'
AWK='gawk'
CC='gcc'
CCDEPMODE='depmode=gcc3'
CFLAGS='-g -O2'
CPPFLAGS=''
CYGPATH_W='echo'
DEFS='-DHAVE_CONFIG_H'
DEPDIR='.deps'
ECHO_C=''
ECHO_N='-n'
ECHO_T=''
EXEEXT=''
INCREMENTAL_CFLAGS='-pthread -I/usr/include/gtk-3.0 -I/usr/include/atk-1.0 -I/usr/include/at-spi2-atk/2.0 -I/usr/include/pango-1.0 -I/usr/include/gio-unix-2.0/ -I/usr/include/cairo -I/usr/include/gdk-pixbuf-2.0 -I/usr/include/glib-2.0 -I/usr/lib/x86_64-linux-gnu/glib-2.0/include -I/usr/include/harfbuzz -I/usr/include/freetype2 -I/usr/include/pixman-1 -I/usr/include/libpng12  '
INCREMENTAL_LIBS='-lgtk-3 -lgdk-3 -latk-1.0 -lgio-2.0 -lpangocairo-1.0 -lgdk_pixbuf-2.0 -lcairo-gobject -lpango-1.0 -lcairo -lgobject-2.0 -lglib-2.0  '
INSTALL_DATA='${INSTALL} -m 644'
INSTALL_PROGRAM='${INSTALL}'
INSTALL_SCRIPT='${INSTALL}'
INSTALL_STRIP_PROGRAM='$(install_sh) -c -s'
LDFLAGS=''
LIBOBJS=''
LIBS=''
LTLIBOBJS=''
MAKEINFO='${SHELL} /home/loki/Projects/Incremental/missing makeinfo'
MKDIR_P='/bin/mkdir -p'
OBJEXT='o'
PACKAGE='incremental'
PACKAGE_BUGREPORT=''
PACKAGE_NAME='incremental'
PACKAGE_STRING='incremental 0.1'
PACKAGE_TARNAME='incremental'
PACKAGE_URL=''
PACKAGE_VERSION='0.1'
PATH_SEPARATOR=':'
PKG_CONFIG='/usr/bin/pkg-config'
PKG_CONFIG_LIBDIR=''
PKG_CONFIG_PATH=''
SET_MAKE=''
SHELL='/bin/bash'
STRIP=''
VALAC='/usr/bin/valac'
VERSION='0.1'
ac_ct_CC='gcc'
am__EXEEXT_FALSE=''
am__EXEEXT_TRUE='#'
am__fastdepCC_FALSE='#'
am__fastdepCC_TRUE=''
am__include='include'
am__isrc=''
am__leading_dot='.'
am__nodep='_no'
am__quote=''
am__tar='$${TAR-tar} chof - "$$tardir"'
am__untar='$${TAR-tar} xf -'
bindir='${exec_prefix}/bin'
build_alias=''
datadir='${datarootdir}'
datarootdir='${prefix}/share'
docdir='${datarootdir}/doc/${PACKAGE_TARNAME}'
dvidir='${docdir}'
exec_prefix='${prefix}'
host_alias=''
htmldir='${docdir}'
includedir='${prefix}/include'
infodir='${datarootdir}/info'
install_sh='${SHELL} /home/loki/Projects/Incremental/install-sh'
libdir='${exec_prefix}/lib'
libexecdir='${exec_prefix}/libexec'
localedir='${datarootdir}/locale'
localstatedir='${prefix}/var'
mandir='${datarootdir}/man'
mkdir_p='$(MKDIR_P)'
oldincludedir='/usr/include'
pdfdir='${docdir}'
prefix='/usr/local'
program_transform_name='s,x,x,'
psdir='${docdir}'
sbindir='${exec_prefix}/sbin'
sharedstatedir='${prefix}/com'
sysconfdir='${prefix}/etc'
target_alias=''

## ----------- ##
## confdefs.h. ##
## ----------- ##

/* confdefs.h */
#define PACKAGE_NAME "incremental"
#define PACKAGE_TARNAME "incremental"
#define PACKAGE_VERSION "0.1"
#define PACKAGE_STRING "incremental 0.1"
#define PACKAGE_BUGREPORT ""
#define PACKAGE_URL ""
#define PACKAGE "incremental"
#define VERSION "0.1"

configure: exit 0
